[debug] [2022-11-22T19:58:52.337Z] ----------------------------------------------------------------------
[debug] [2022-11-22T19:58:52.338Z] Command:       C:\Program Files\nodejs\node.exe C:\Users\mikep\AppData\Roaming\npm\node_modules\firebase-tools\lib\bin\firebase.js init hosting:github
[debug] [2022-11-22T19:58:52.338Z] CLI Version:   11.16.1
[debug] [2022-11-22T19:58:52.338Z] Platform:      win32
[debug] [2022-11-22T19:58:52.338Z] Node Version:  v16.18.0
[debug] [2022-11-22T19:58:52.339Z] Time:          Tue Nov 22 2022 14:58:52 GMT-0500 (Eastern Standard Time)
[debug] [2022-11-22T19:58:52.339Z] ----------------------------------------------------------------------
[debug] 
[debug] [2022-11-22T19:58:52.387Z] > command requires scopes: ["email","openid","https://www.googleapis.com/auth/cloudplatformprojects.readonly","https://www.googleapis.com/auth/firebase","https://www.googleapis.com/auth/cloud-platform"]
[debug] [2022-11-22T19:58:52.388Z] > authorizing via signed-in user (mikepyt87@gmail.com)
[info] 
     ######## #### ########  ######## ########     ###     ######  ########
     ##        ##  ##     ## ##       ##     ##  ##   ##  ##       ##
     ######    ##  ########  ######   ########  #########  ######  ######
     ##        ##  ##    ##  ##       ##     ## ##     ##       ## ##
     ##       #### ##     ## ######## ########  ##     ##  ######  ########

You're about to initialize a Firebase project in this directory:

  Y:\GrandCircus\me\unit9\03-shoutouts\frontend

Before we get started, keep in mind:

  * You are initializing within an existing Firebase project directory

[info] 
=== Project Setup
[info] 
[info] First, let's associate this project directory with a Firebase project.
[info] You can create multiple project aliases by running firebase use --add, 
[info] but for now we'll just set up a default project.
[info] 
[debug] [2022-11-22T19:59:07.908Z] Using project from CLI flag: shoutouts-40ace
[debug] [2022-11-22T19:59:07.910Z] >>> [apiv2][query] GET https://firebase.googleapis.com/v1beta1/projects/shoutouts-40ace [none]
[debug] [2022-11-22T19:59:08.167Z] <<< [apiv2][status] GET https://firebase.googleapis.com/v1beta1/projects/shoutouts-40ace 200
[debug] [2022-11-22T19:59:08.167Z] <<< [apiv2][body] GET https://firebase.googleapis.com/v1beta1/projects/shoutouts-40ace {"projectId":"shoutouts-40ace","projectNumber":"158800010406","displayName":"shoutouts","name":"projects/shoutouts-40ace","resources":{"hostingSite":"shoutouts-40ace","storageBucket":"shoutouts-40ace.appspot.com","locationId":"us-central"},"state":"ACTIVE","etag":"1_85decf48-d52f-4a1a-be18-8318a9018f5c"}
[info] i  Using project shoutouts-40ace (shoutouts) 
[info] 
=== Hosting:github Setup
[info] 
[info] i  Detected a .git folder at Y:\GrandCircus\me\unit9\03-shoutouts\frontend 
[info] i  Authorizing with GitHub to upload your service account to a GitHub repository's secrets store. 
[info] 
[info] Visit this URL on this device to log in:
[info] https://github.com/login/oauth/authorize?client_id=89cf50f02ac6aaed3484&state=656747848&redirect_uri=http%3A%2F%2Flocalhost%3A9005&scope=read%3Auser%20repo%20public_repo
[info] 
[info] Waiting for authentication...
[debug] [2022-11-22T19:59:16.353Z] >>> [apiv2][query] POST https://github.com/login/oauth/access_token [none]
[debug] [2022-11-22T19:59:16.353Z] >>> [apiv2][body] POST https://github.com/login/oauth/access_token [stream]
[debug] [2022-11-22T19:59:16.713Z] <<< [apiv2][status] POST https://github.com/login/oauth/access_token 200
[debug] [2022-11-22T19:59:16.713Z] <<< [apiv2][body] POST https://github.com/login/oauth/access_token {"access_token":"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","token_type":"bearer","scope":"read:user,repo"}
[debug] [2022-11-22T19:59:16.717Z] >>> [apiv2][query] GET https://api.github.com/user [none]
[debug] [2022-11-22T19:59:16.963Z] <<< [apiv2][status] GET https://api.github.com/user 200
[debug] [2022-11-22T19:59:16.963Z] <<< [apiv2][body] GET https://api.github.com/user {"login":"Mikepyt87","id":81245551,"node_id":"MDQ6VXNlcjgxMjQ1NTUx","avatar_url":"https://avatars.githubusercontent.com/u/81245551?v=4","gravatar_id":"","url":"https://api.github.com/users/Mikepyt87","html_url":"https://github.com/Mikepyt87","followers_url":"https://api.github.com/users/Mikepyt87/followers","following_url":"https://api.github.com/users/Mikepyt87/following{/other_user}","gists_url":"https://api.github.com/users/Mikepyt87/gists{/gist_id}","starred_url":"https://api.github.com/users/Mikepyt87/starred{/owner}{/repo}","subscriptions_url":"https://api.github.com/users/Mikepyt87/subscriptions","organizations_url":"https://api.github.com/users/Mikepyt87/orgs","repos_url":"https://api.github.com/users/Mikepyt87/repos","events_url":"https://api.github.com/users/Mikepyt87/events{/privacy}","received_events_url":"https://api.github.com/users/Mikepyt87/received_events","type":"User","site_admin":false,"name":null,"company":null,"blog":"","location":null,"email":null,"hireable":null,"bio":null,"twitter_username":null,"public_repos":21,"public_gists":0,"followers":1,"following":0,"created_at":"2021-03-23T14:15:02Z","updated_at":"2022-11-17T13:18:08Z","private_gists":0,"total_private_repos":2,"owned_private_repos":2,"disk_usage":24968,"collaborators":0,"two_factor_authentication":false,"plan":{"name":"free","space":976562499,"collaborators":0,"private_repos":10000}}
[info] 
[info] +  Success! Logged into GitHub as Mikepyt87 
[info] 
